<?xml version="1.0" encoding="UTF-8"?>
<!-- Generated by org.testng.reporters.JUnitXMLReporter -->
<testsuite ignored="0" hostname="DESKTOP-980EN9B" failures="0" tests="3" name="Default test" time="7.512" errors="0" timestamp="2022-10-07T19:59:56 EDT">
  <testcase classname="curahealthcare.tests.LoginTest" name="incorrectPassword" time="0.517"/>
  <testcase classname="curahealthcare.tests.LoginTest" name="incorrectUsername" time="0.479"/>
  <testcase classname="curahealthcare.tests.LoginTest" name="successfulLogin" time="0.462"/>
</testsuite> <!-- Default test -->
