<?xml version="1.0" encoding="UTF-8"?>
<testng-results ignored="0" total="1" passed="1" failed="0" skipped="0">
  <reporter-output>
  </reporter-output>
  <suite started-at="2022-10-06T16:57:20 EDT" name="Default suite" finished-at="2022-10-06T16:57:25 EDT" duration-ms="5460">
    <groups>
    </groups>
    <test started-at="2022-10-06T16:57:20 EDT" name="Default test" finished-at="2022-10-06T16:57:25 EDT" duration-ms="5460">
      <class name="curahealthcare.tests.AppointmentTest">
        <test-method is-config="true" signature="launchApplication()[pri:0, instance:curahealthcare.tests.AppointmentTest@131774fe]" started-at="2022-10-06T16:57:20 EDT" name="launchApplication" finished-at="2022-10-06T16:57:23 EDT" duration-ms="2947" status="PASS">
          <reporter-output>
          </reporter-output>
        </test-method> <!-- launchApplication -->
        <test-method signature="makeAppointment()[pri:0, instance:curahealthcare.tests.AppointmentTest@131774fe]" started-at="2022-10-06T16:57:23 EDT" name="makeAppointment" finished-at="2022-10-06T16:57:25 EDT" duration-ms="2319" status="PASS">
          <reporter-output>
          </reporter-output>
        </test-method> <!-- makeAppointment -->
        <test-method is-config="true" signature="stopApplication()[pri:0, instance:curahealthcare.tests.AppointmentTest@131774fe]" started-at="2022-10-06T16:57:25 EDT" name="stopApplication" finished-at="2022-10-06T16:57:25 EDT" duration-ms="151" status="PASS">
          <reporter-output>
          </reporter-output>
        </test-method> <!-- stopApplication -->
      </class> <!-- curahealthcare.tests.AppointmentTest -->
    </test> <!-- Default test -->
  </suite> <!-- Default suite -->
</testng-results>
